<?xml version="1.0" encoding="UTF-8"?>
<coverage generated="1686836525611" clover="3.2.0">
  <project timestamp="1686836525611" name="All files">
    <metrics statements="21" coveredstatements="21" conditionals="14" coveredconditionals="13" methods="3" coveredmethods="3" elements="38" coveredelements="37" complexity="0" loc="21" ncloc="21" packages="1" files="2" classes="2"/>
    <file name="fix.js" path="/home/dearasheville/backend-project-46/src/fix.js">
      <metrics statements="1" coveredstatements="1" conditionals="0" coveredconditionals="0" methods="1" coveredmethods="1"/>
      <line num="1" count="1" type="stmt"/>
    </file>
    <file name="gendiff.js" path="/home/dearasheville/backend-project-46/src/gendiff.js">
      <metrics statements="20" coveredstatements="20" conditionals="14" coveredconditionals="13" methods="2" coveredmethods="2"/>
      <line num="8" count="1" type="stmt"/>
      <line num="9" count="1" type="stmt"/>
      <line num="10" count="1" type="stmt"/>
      <line num="12" count="1" type="stmt"/>
      <line num="13" count="1" type="stmt"/>
      <line num="15" count="1" type="stmt"/>
      <line num="16" count="1" type="stmt"/>
      <line num="18" count="1" type="stmt"/>
      <line num="20" count="1" type="stmt"/>
      <line num="21" count="5" type="stmt"/>
      <line num="22" count="5" type="stmt"/>
      <line num="24" count="5" type="cond" truecount="4" falsecount="0"/>
      <line num="25" count="1" type="stmt"/>
      <line num="28" count="4" type="cond" truecount="4" falsecount="0"/>
      <line num="29" count="2" type="stmt"/>
      <line num="32" count="2" type="cond" truecount="3" falsecount="1"/>
      <line num="33" count="2" type="cond" truecount="2" falsecount="0"/>
      <line num="34" count="1" type="stmt"/>
      <line num="38" count="1" type="stmt"/>
      <line num="41" count="1" type="stmt"/>
    </file>
  </project>
</coverage>
