TN:
SF:src/fix.js
FN:1,(anonymous_0)
FNF:1
FNH:1
FNDA:1,(anonymous_0)
DA:1,1
LF:1
LH:1
BRF:0
BRH:0
end_of_record
TN:
SF:src/gendiff.js
FN:8,(anonymous_0)
FN:20,(anonymous_1)
FNF:2
FNH:2
FNDA:1,(anonymous_0)
FNDA:5,(anonymous_1)
DA:8,1
DA:9,1
DA:10,1
DA:12,1
DA:13,1
DA:15,1
DA:16,1
DA:18,1
DA:20,1
DA:21,5
DA:22,5
DA:24,5
DA:25,1
DA:28,4
DA:29,2
DA:32,2
DA:33,2
DA:34,1
DA:38,1
DA:41,1
LF:20
LH:20
BRDA:24,0,0,1
BRDA:24,0,1,4
BRDA:24,1,0,5
BRDA:24,1,1,1
BRDA:28,2,0,2
BRDA:28,2,1,2
BRDA:28,3,0,4
BRDA:28,3,1,4
BRDA:32,4,0,2
BRDA:32,4,1,0
BRDA:32,5,0,2
BRDA:32,5,1,2
BRDA:33,6,0,1
BRDA:33,6,1,1
BRF:14
BRH:13
end_of_record
